{"C:\\pHero\\Hobby\\react-native-learning\\physio-care-backend\\src\\graphql\\index.ts": {"path":"C:\\pHero\\Hobby\\react-native-learning\\physio-care-backend\\src\\graphql\\index.ts","statementMap":{"0":{"start":{"line":1,"column":0},"end":{"line":1,"column":54}},"1":{"start":{"line":2,"column":0},"end":{"line":2,"column":57}},"2":{"start":{"line":3,"column":0},"end":{"line":3,"column":54}},"3":{"start":{"line":4,"column":0},"end":{"line":4,"column":57}},"4":{"start":{"line":5,"column":0},"end":{"line":5,"column":54}},"5":{"start":{"line":6,"column":0},"end":{"line":6,"column":57}},"6":{"start":{"line":7,"column":0},"end":{"line":7,"column":58}},"7":{"start":{"line":8,"column":0},"end":{"line":8,"column":61}},"8":{"start":{"line":9,"column":0},"end":{"line":9,"column":66}},"9":{"start":{"line":10,"column":0},"end":{"line":10,"column":69}},"10":{"start":{"line":11,"column":0},"end":{"line":11,"column":68}},"11":{"start":{"line":12,"column":0},"end":{"line":12,"column":71}},"12":{"start":{"line":13,"column":0},"end":{"line":13,"column":54}},"13":{"start":{"line":15,"column":13},"end":{"line":22,"column":2}},"14":{"start":{"line":23,"column":13},"end":{"line":30,"column":3}}},"fnMap":{},"branchMap":{},"s":{"0":0,"1":0,"2":0,"3":0,"4":0,"5":0,"6":0,"7":0,"8":0,"9":0,"10":0,"11":0,"12":0,"13":0,"14":0},"f":{},"b":{}}
,"C:\\pHero\\Hobby\\react-native-learning\\physio-care-backend\\src\\graphql\\resolvers\\appointment.resolver.ts": {"path":"C:\\pHero\\Hobby\\react-native-learning\\physio-care-backend\\src\\graphql\\resolvers\\appointment.resolver.ts","statementMap":{"0":{"start":{"line":1,"column":0},"end":{"line":1,"column":63}},"1":{"start":{"line":2,"column":0},"end":{"line":2,"column":76}},"2":{"start":{"line":3,"column":0},"end":{"line":3,"column":39}},"3":{"start":{"line":4,"column":0},"end":{"line":4,"column":null}},"4":{"start":{"line":8,"column":0},"end":{"line":8,"column":32}},"5":{"start":{"line":10,"column":13},"end":{"line":356,"column":2}},"6":{"start":{"line":17,"column":19},"end":{"line":17,"column":39}},"7":{"start":{"line":18,"column":45},"end":{"line":18,"column":67}},"8":{"start":{"line":20,"column":6},"end":{"line":22,"column":7}},"9":{"start":{"line":21,"column":8},"end":{"line":21,"column":30}},"10":{"start":{"line":24,"column":6},"end":{"line":27,"column":30}},"11":{"start":{"line":35,"column":19},"end":{"line":35,"column":39}},"12":{"start":{"line":37,"column":6},"end":{"line":41,"column":7}},"13":{"start":{"line":38,"column":8},"end":{"line":40,"column":11}},"14":{"start":{"line":43,"column":26},"end":{"line":48,"column":29}},"15":{"start":{"line":50,"column":6},"end":{"line":54,"column":7}},"16":{"start":{"line":51,"column":8},"end":{"line":53,"column":11}},"17":{"start":{"line":56,"column":6},"end":{"line":56,"column":25}},"18":{"start":{"line":67,"column":6},"end":{"line":71,"column":7}},"19":{"start":{"line":68,"column":8},"end":{"line":70,"column":11}},"20":{"start":{"line":73,"column":25},"end":{"line":73,"column":64}},"21":{"start":{"line":74,"column":6},"end":{"line":78,"column":7}},"22":{"start":{"line":75,"column":8},"end":{"line":77,"column":11}},"23":{"start":{"line":80,"column":30},"end":{"line":80,"column":44}},"24":{"start":{"line":81,"column":34},"end":{"line":86,"column":8}},"25":{"start":{"line":88,"column":6},"end":{"line":88,"column":34}},"26":{"start":{"line":98,"column":19},"end":{"line":98,"column":39}},"27":{"start":{"line":99,"column":6},"end":{"line":99,"column":43}},"28":{"start":{"line":101,"column":6},"end":{"line":105,"column":7}},"29":{"start":{"line":102,"column":8},"end":{"line":104,"column":11}},"30":{"start":{"line":107,"column":6},"end":{"line":111,"column":7}},"31":{"start":{"line":108,"column":8},"end":{"line":110,"column":11}},"32":{"start":{"line":114,"column":25},"end":{"line":114,"column":70}},"33":{"start":{"line":115,"column":6},"end":{"line":119,"column":7}},"34":{"start":{"line":116,"column":8},"end":{"line":118,"column":11}},"35":{"start":{"line":122,"column":21},"end":{"line":122,"column":58}},"36":{"start":{"line":123,"column":6},"end":{"line":127,"column":7}},"37":{"start":{"line":124,"column":8},"end":{"line":126,"column":11}},"38":{"start":{"line":130,"column":6},"end":{"line":137,"column":7}},"39":{"start":{"line":131,"column":8},"end":{"line":136,"column":10}},"40":{"start":{"line":140,"column":30},"end":{"line":140,"column":60}},"41":{"start":{"line":141,"column":33},"end":{"line":142,"column":null}},"42":{"start":{"line":144,"column":34},"end":{"line":149,"column":8}},"43":{"start":{"line":151,"column":6},"end":{"line":155,"column":7}},"44":{"start":{"line":152,"column":8},"end":{"line":154,"column":11}},"45":{"start":{"line":158,"column":73},"end":{"line":161,"column":8}},"46":{"start":{"line":163,"column":8},"end":{"line":164,"column":46}},"47":{"start":{"line":167,"column":26},"end":{"line":176,"column":8}},"48":{"start":{"line":179,"column":6},"end":{"line":181,"column":30}},"49":{"start":{"line":189,"column":19},"end":{"line":189,"column":39}},"50":{"start":{"line":191,"column":6},"end":{"line":195,"column":7}},"51":{"start":{"line":192,"column":8},"end":{"line":194,"column":11}},"52":{"start":{"line":197,"column":6},"end":{"line":197,"column":43}},"53":{"start":{"line":199,"column":26},"end":{"line":202,"column":8}},"54":{"start":{"line":204,"column":6},"end":{"line":208,"column":7}},"55":{"start":{"line":205,"column":8},"end":{"line":207,"column":11}},"56":{"start":{"line":211,"column":6},"end":{"line":230,"column":7}},"57":{"start":{"line":212,"column":24},"end":{"line":214,"column":28}},"58":{"start":{"line":215,"column":25},"end":{"line":215,"column":66}},"59":{"start":{"line":217,"column":36},"end":{"line":223,"column":10}},"60":{"start":{"line":225,"column":8},"end":{"line":229,"column":9}},"61":{"start":{"line":226,"column":10},"end":{"line":228,"column":13}},"62":{"start":{"line":233,"column":73},"end":{"line":236,"column":8}},"63":{"start":{"line":238,"column":50},"end":{"line":238,"column":62}},"64":{"start":{"line":239,"column":6},"end":{"line":241,"column":7}},"65":{"start":{"line":240,"column":8},"end":{"line":240,"column":57}},"66":{"start":{"line":242,"column":6},"end":{"line":245,"column":7}},"67":{"start":{"line":243,"column":8},"end":{"line":244,"column":65}},"68":{"start":{"line":247,"column":33},"end":{"line":253,"column":29}},"69":{"start":{"line":255,"column":6},"end":{"line":255,"column":33}},"70":{"start":{"line":263,"column":19},"end":{"line":263,"column":39}},"71":{"start":{"line":265,"column":6},"end":{"line":269,"column":7}},"72":{"start":{"line":266,"column":8},"end":{"line":268,"column":11}},"73":{"start":{"line":271,"column":26},"end":{"line":277,"column":29}},"74":{"start":{"line":279,"column":6},"end":{"line":283,"column":7}},"75":{"start":{"line":280,"column":8},"end":{"line":282,"column":11}},"76":{"start":{"line":285,"column":6},"end":{"line":285,"column":25}},"77":{"start":{"line":291,"column":6},"end":{"line":293,"column":32}},"78":{"start":{"line":296,"column":6},"end":{"line":298,"column":38}},"79":{"start":{"line":303,"column":6},"end":{"line":305,"column":41}},"80":{"start":{"line":308,"column":6},"end":{"line":310,"column":37}},"81":{"start":{"line":316,"column":6},"end":{"line":322,"column":7}},"82":{"start":{"line":321,"column":8},"end":{"line":321,"column":35}},"83":{"start":{"line":324,"column":6},"end":{"line":324,"column":54}},"84":{"start":{"line":328,"column":6},"end":{"line":334,"column":7}},"85":{"start":{"line":333,"column":8},"end":{"line":333,"column":31}},"86":{"start":{"line":336,"column":6},"end":{"line":336,"column":46}},"87":{"start":{"line":339,"column":6},"end":{"line":339,"column":39}},"88":{"start":{"line":343,"column":62},"end":{"line":346,"column":8}},"89":{"start":{"line":347,"column":6},"end":{"line":347,"column":49}},"90":{"start":{"line":350,"column":6},"end":{"line":350,"column":44}},"91":{"start":{"line":353,"column":6},"end":{"line":353,"column":44}}},"fnMap":{"0":{"name":"(anonymous_1)","decl":{"start":{"line":12,"column":18},"end":{"line":12,"column":23}},"loc":{"start":{"line":16,"column":8},"end":{"line":28,"column":5}}},"1":{"name":"(anonymous_2)","decl":{"start":{"line":30,"column":17},"end":{"line":30,"column":22}},"loc":{"start":{"line":34,"column":8},"end":{"line":57,"column":5}}},"2":{"name":"(anonymous_3)","decl":{"start":{"line":59,"column":23},"end":{"line":59,"column":28}},"loc":{"start":{"line":66,"column":8},"end":{"line":89,"column":5}}},"3":{"name":"(anonymous_4)","decl":{"start":{"line":93,"column":23},"end":{"line":93,"column":28}},"loc":{"start":{"line":97,"column":8},"end":{"line":182,"column":5}}},"4":{"name":"(anonymous_5)","decl":{"start":{"line":184,"column":23},"end":{"line":184,"column":28}},"loc":{"start":{"line":188,"column":8},"end":{"line":256,"column":5}}},"5":{"name":"(anonymous_6)","decl":{"start":{"line":258,"column":23},"end":{"line":258,"column":28}},"loc":{"start":{"line":262,"column":8},"end":{"line":286,"column":5}}},"6":{"name":"(anonymous_7)","decl":{"start":{"line":290,"column":8},"end":{"line":290,"column":9}},"loc":{"start":{"line":290,"column":62},"end":{"line":294,"column":5}}},"7":{"name":"(anonymous_8)","decl":{"start":{"line":295,"column":15},"end":{"line":295,"column":16}},"loc":{"start":{"line":295,"column":75},"end":{"line":299,"column":5}}},"8":{"name":"(anonymous_9)","decl":{"start":{"line":300,"column":18},"end":{"line":300,"column":19}},"loc":{"start":{"line":302,"column":9},"end":{"line":306,"column":5}}},"9":{"name":"(anonymous_10)","decl":{"start":{"line":307,"column":14},"end":{"line":307,"column":15}},"loc":{"start":{"line":307,"column":73},"end":{"line":311,"column":5}}},"10":{"name":"(anonymous_11)","decl":{"start":{"line":312,"column":16},"end":{"line":312,"column":21}},"loc":{"start":{"line":314,"column":9},"end":{"line":325,"column":5}}},"11":{"name":"(anonymous_12)","decl":{"start":{"line":326,"column":12},"end":{"line":326,"column":17}},"loc":{"start":{"line":326,"column":74},"end":{"line":337,"column":5}}},"12":{"name":"(anonymous_13)","decl":{"start":{"line":338,"column":10},"end":{"line":338,"column":11}},"loc":{"start":{"line":338,"column":37},"end":{"line":340,"column":5}}},"13":{"name":"(anonymous_14)","decl":{"start":{"line":341,"column":10},"end":{"line":341,"column":11}},"loc":{"start":{"line":341,"column":55},"end":{"line":348,"column":5}}},"14":{"name":"(anonymous_15)","decl":{"start":{"line":349,"column":15},"end":{"line":349,"column":16}},"loc":{"start":{"line":349,"column":47},"end":{"line":351,"column":5}}},"15":{"name":"(anonymous_16)","decl":{"start":{"line":352,"column":15},"end":{"line":352,"column":16}},"loc":{"start":{"line":352,"column":47},"end":{"line":354,"column":5}}}},"branchMap":{"0":{"loc":{"start":{"line":20,"column":6},"end":{"line":22,"column":7}},"type":"if","locations":[{"start":{"line":20,"column":6},"end":{"line":22,"column":7}},{"start":{},"end":{}}]},"1":{"loc":{"start":{"line":37,"column":6},"end":{"line":41,"column":7}},"type":"if","locations":[{"start":{"line":37,"column":6},"end":{"line":41,"column":7}},{"start":{},"end":{}}]},"2":{"loc":{"start":{"line":50,"column":6},"end":{"line":54,"column":7}},"type":"if","locations":[{"start":{"line":50,"column":6},"end":{"line":54,"column":7}},{"start":{},"end":{}}]},"3":{"loc":{"start":{"line":67,"column":6},"end":{"line":71,"column":7}},"type":"if","locations":[{"start":{"line":67,"column":6},"end":{"line":71,"column":7}},{"start":{},"end":{}}]},"4":{"loc":{"start":{"line":74,"column":6},"end":{"line":78,"column":7}},"type":"if","locations":[{"start":{"line":74,"column":6},"end":{"line":78,"column":7}},{"start":{},"end":{}}]},"5":{"loc":{"start":{"line":101,"column":6},"end":{"line":105,"column":7}},"type":"if","locations":[{"start":{"line":101,"column":6},"end":{"line":105,"column":7}},{"start":{},"end":{}}]},"6":{"loc":{"start":{"line":107,"column":6},"end":{"line":111,"column":7}},"type":"if","locations":[{"start":{"line":107,"column":6},"end":{"line":111,"column":7}},{"start":{},"end":{}}]},"7":{"loc":{"start":{"line":115,"column":6},"end":{"line":119,"column":7}},"type":"if","locations":[{"start":{"line":115,"column":6},"end":{"line":119,"column":7}},{"start":{},"end":{}}]},"8":{"loc":{"start":{"line":115,"column":10},"end":{"line":115,"column":45}},"type":"binary-expr","locations":[{"start":{"line":115,"column":10},"end":{"line":115,"column":21}},{"start":{"line":115,"column":25},"end":{"line":115,"column":45}}]},"9":{"loc":{"start":{"line":123,"column":6},"end":{"line":127,"column":7}},"type":"if","locations":[{"start":{"line":123,"column":6},"end":{"line":127,"column":7}},{"start":{},"end":{}}]},"10":{"loc":{"start":{"line":123,"column":10},"end":{"line":123,"column":37}},"type":"binary-expr","locations":[{"start":{"line":123,"column":10},"end":{"line":123,"column":17}},{"start":{"line":123,"column":21},"end":{"line":123,"column":37}}]},"11":{"loc":{"start":{"line":130,"column":6},"end":{"line":137,"column":7}},"type":"if","locations":[{"start":{"line":130,"column":6},"end":{"line":137,"column":7}},{"start":{},"end":{}}]},"12":{"loc":{"start":{"line":151,"column":6},"end":{"line":155,"column":7}},"type":"if","locations":[{"start":{"line":151,"column":6},"end":{"line":155,"column":7}},{"start":{},"end":{}}]},"13":{"loc":{"start":{"line":163,"column":8},"end":{"line":164,"column":46}},"type":"binary-expr","locations":[{"start":{"line":163,"column":8},"end":{"line":163,"column":48}},{"start":{"line":164,"column":9},"end":{"line":164,"column":46}}]},"14":{"loc":{"start":{"line":174,"column":21},"end":{"line":174,"column":55}},"type":"binary-expr","locations":[{"start":{"line":174,"column":21},"end":{"line":174,"column":48}},{"start":{"line":174,"column":52},"end":{"line":174,"column":55}}]},"15":{"loc":{"start":{"line":191,"column":6},"end":{"line":195,"column":7}},"type":"if","locations":[{"start":{"line":191,"column":6},"end":{"line":195,"column":7}},{"start":{},"end":{}}]},"16":{"loc":{"start":{"line":204,"column":6},"end":{"line":208,"column":7}},"type":"if","locations":[{"start":{"line":204,"column":6},"end":{"line":208,"column":7}},{"start":{},"end":{}}]},"17":{"loc":{"start":{"line":211,"column":6},"end":{"line":230,"column":7}},"type":"if","locations":[{"start":{"line":211,"column":6},"end":{"line":230,"column":7}},{"start":{},"end":{}}]},"18":{"loc":{"start":{"line":211,"column":10},"end":{"line":211,"column":34}},"type":"binary-expr","locations":[{"start":{"line":211,"column":10},"end":{"line":211,"column":20}},{"start":{"line":211,"column":24},"end":{"line":211,"column":34}}]},"19":{"loc":{"start":{"line":212,"column":24},"end":{"line":214,"column":28}},"type":"cond-expr","locations":[{"start":{"line":213,"column":12},"end":{"line":213,"column":42}},{"start":{"line":214,"column":12},"end":{"line":214,"column":28}}]},"20":{"loc":{"start":{"line":215,"column":25},"end":{"line":215,"column":66}},"type":"binary-expr","locations":[{"start":{"line":215,"column":25},"end":{"line":215,"column":46}},{"start":{"line":215,"column":50},"end":{"line":215,"column":66}}]},"21":{"loc":{"start":{"line":225,"column":8},"end":{"line":229,"column":9}},"type":"if","locations":[{"start":{"line":225,"column":8},"end":{"line":229,"column":9}},{"start":{},"end":{}}]},"22":{"loc":{"start":{"line":239,"column":6},"end":{"line":241,"column":7}},"type":"if","locations":[{"start":{"line":239,"column":6},"end":{"line":241,"column":7}},{"start":{},"end":{}}]},"23":{"loc":{"start":{"line":242,"column":6},"end":{"line":245,"column":7}},"type":"if","locations":[{"start":{"line":242,"column":6},"end":{"line":245,"column":7}},{"start":{},"end":{}}]},"24":{"loc":{"start":{"line":244,"column":10},"end":{"line":244,"column":64}},"type":"binary-expr","locations":[{"start":{"line":244,"column":10},"end":{"line":244,"column":50}},{"start":{"line":244,"column":54},"end":{"line":244,"column":64}}]},"25":{"loc":{"start":{"line":265,"column":6},"end":{"line":269,"column":7}},"type":"if","locations":[{"start":{"line":265,"column":6},"end":{"line":269,"column":7}},{"start":{},"end":{}}]},"26":{"loc":{"start":{"line":279,"column":6},"end":{"line":283,"column":7}},"type":"if","locations":[{"start":{"line":279,"column":6},"end":{"line":283,"column":7}},{"start":{},"end":{}}]},"27":{"loc":{"start":{"line":291,"column":13},"end":{"line":293,"column":31}},"type":"cond-expr","locations":[{"start":{"line":292,"column":10},"end":{"line":292,"column":20}},{"start":{"line":293,"column":10},"end":{"line":293,"column":31}}]},"28":{"loc":{"start":{"line":296,"column":13},"end":{"line":298,"column":37}},"type":"cond-expr","locations":[{"start":{"line":297,"column":10},"end":{"line":297,"column":26}},{"start":{"line":298,"column":10},"end":{"line":298,"column":37}}]},"29":{"loc":{"start":{"line":303,"column":13},"end":{"line":305,"column":40}},"type":"cond-expr","locations":[{"start":{"line":304,"column":10},"end":{"line":304,"column":29}},{"start":{"line":305,"column":10},"end":{"line":305,"column":40}}]},"30":{"loc":{"start":{"line":308,"column":13},"end":{"line":310,"column":36}},"type":"cond-expr","locations":[{"start":{"line":309,"column":10},"end":{"line":309,"column":25}},{"start":{"line":310,"column":10},"end":{"line":310,"column":36}}]},"31":{"loc":{"start":{"line":316,"column":6},"end":{"line":322,"column":7}},"type":"if","locations":[{"start":{"line":316,"column":6},"end":{"line":322,"column":7}},{"start":{},"end":{}}]},"32":{"loc":{"start":{"line":317,"column":8},"end":{"line":319,"column":37}},"type":"binary-expr","locations":[{"start":{"line":317,"column":8},"end":{"line":317,"column":27}},{"start":{"line":318,"column":8},"end":{"line":318,"column":47}},{"start":{"line":319,"column":8},"end":{"line":319,"column":37}}]},"33":{"loc":{"start":{"line":328,"column":6},"end":{"line":334,"column":7}},"type":"if","locations":[{"start":{"line":328,"column":6},"end":{"line":334,"column":7}},{"start":{},"end":{}}]},"34":{"loc":{"start":{"line":329,"column":8},"end":{"line":331,"column":33}},"type":"binary-expr","locations":[{"start":{"line":329,"column":8},"end":{"line":329,"column":23}},{"start":{"line":330,"column":8},"end":{"line":330,"column":43}},{"start":{"line":331,"column":8},"end":{"line":331,"column":33}}]},"35":{"loc":{"start":{"line":347,"column":13},"end":{"line":347,"column":48}},"type":"binary-expr","locations":[{"start":{"line":347,"column":13},"end":{"line":347,"column":33}},{"start":{"line":347,"column":37},"end":{"line":347,"column":48}}]}},"s":{"0":0,"1":0,"2":0,"3":0,"4":0,"5":0,"6":0,"7":0,"8":0,"9":0,"10":0,"11":0,"12":0,"13":0,"14":0,"15":0,"16":0,"17":0,"18":0,"19":0,"20":0,"21":0,"22":0,"23":0,"24":0,"25":0,"26":0,"27":0,"28":0,"29":0,"30":0,"31":0,"32":0,"33":0,"34":0,"35":0,"36":0,"37":0,"38":0,"39":0,"40":0,"41":0,"42":0,"43":0,"44":0,"45":0,"46":0,"47":0,"48":0,"49":0,"50":0,"51":0,"52":0,"53":0,"54":0,"55":0,"56":0,"57":0,"58":0,"59":0,"60":0,"61":0,"62":0,"63":0,"64":0,"65":0,"66":0,"67":0,"68":0,"69":0,"70":0,"71":0,"72":0,"73":0,"74":0,"75":0,"76":0,"77":0,"78":0,"79":0,"80":0,"81":0,"82":0,"83":0,"84":0,"85":0,"86":0,"87":0,"88":0,"89":0,"90":0,"91":0},"f":{"0":0,"1":0,"2":0,"3":0,"4":0,"5":0,"6":0,"7":0,"8":0,"9":0,"10":0,"11":0,"12":0,"13":0,"14":0,"15":0},"b":{"0":[0,0],"1":[0,0],"2":[0,0],"3":[0,0],"4":[0,0],"5":[0,0],"6":[0,0],"7":[0,0],"8":[0,0],"9":[0,0],"10":[0,0],"11":[0,0],"12":[0,0],"13":[0,0],"14":[0,0],"15":[0,0],"16":[0,0],"17":[0,0],"18":[0,0],"19":[0,0],"20":[0,0],"21":[0,0],"22":[0,0],"23":[0,0],"24":[0,0],"25":[0,0],"26":[0,0],"27":[0,0],"28":[0,0],"29":[0,0],"30":[0,0],"31":[0,0],"32":[0,0,0],"33":[0,0],"34":[0,0,0],"35":[0,0]}}
,"C:\\pHero\\Hobby\\react-native-learning\\physio-care-backend\\src\\graphql\\resolvers\\auth.resolver.ts": {"path":"C:\\pHero\\Hobby\\react-native-learning\\physio-care-backend\\src\\graphql\\resolvers\\auth.resolver.ts","statementMap":{"0":{"start":{"line":1,"column":0},"end":{"line":1,"column":36}},"1":{"start":{"line":2,"column":0},"end":{"line":2,"column":56}},"2":{"start":{"line":3,"column":0},"end":{"line":3,"column":60}},"3":{"start":{"line":4,"column":0},"end":{"line":4,"column":48}},"4":{"start":{"line":5,"column":0},"end":{"line":5,"column":63}},"5":{"start":{"line":6,"column":0},"end":{"line":6,"column":39}},"6":{"start":{"line":8,"column":0},"end":{"line":8,"column":null}},"7":{"start":{"line":13,"column":0},"end":{"line":13,"column":49}},"8":{"start":{"line":15,"column":13},"end":{"line":124,"column":2}},"9":{"start":{"line":18,"column":6},"end":{"line":34,"column":7}},"10":{"start":{"line":19,"column":8},"end":{"line":19,"column":40}},"11":{"start":{"line":20,"column":20},"end":{"line":20,"column":54}},"12":{"start":{"line":23,"column":8},"end":{"line":23,"column":49}},"13":{"start":{"line":26,"column":21},"end":{"line":26,"column":51}},"14":{"start":{"line":27,"column":8},"end":{"line":29,"column":9}},"15":{"start":{"line":28,"column":10},"end":{"line":28,"column":54}},"16":{"start":{"line":31,"column":8},"end":{"line":31,"column":20}},"17":{"start":{"line":33,"column":8},"end":{"line":33,"column":33}},"18":{"start":{"line":49,"column":6},"end":{"line":100,"column":7}},"19":{"start":{"line":50,"column":8},"end":{"line":50,"column":41}},"20":{"start":{"line":53,"column":8},"end":{"line":55,"column":9}},"21":{"start":{"line":54,"column":10},"end":{"line":54,"column":46}},"22":{"start":{"line":57,"column":24},"end":{"line":57,"column":63}},"23":{"start":{"line":59,"column":8},"end":{"line":63,"column":9}},"24":{"start":{"line":60,"column":10},"end":{"line":62,"column":13}},"25":{"start":{"line":65,"column":19},"end":{"line":65,"column":49}},"26":{"start":{"line":67,"column":8},"end":{"line":87,"column":9}},"27":{"start":{"line":68,"column":10},"end":{"line":72,"column":11}},"28":{"start":{"line":69,"column":12},"end":{"line":71,"column":15}},"29":{"start":{"line":74,"column":10},"end":{"line":86,"column":13}},"30":{"start":{"line":89,"column":22},"end":{"line":92,"column":10}},"31":{"start":{"line":94,"column":8},"end":{"line":97,"column":10}},"32":{"start":{"line":99,"column":8},"end":{"line":99,"column":33}},"33":{"start":{"line":104,"column":26},"end":{"line":104,"column":46}},"34":{"start":{"line":105,"column":19},"end":{"line":105,"column":54}},"35":{"start":{"line":107,"column":6},"end":{"line":111,"column":7}},"36":{"start":{"line":108,"column":8},"end":{"line":110,"column":11}},"37":{"start":{"line":113,"column":20},"end":{"line":116,"column":8}},"38":{"start":{"line":118,"column":6},"end":{"line":121,"column":8}}},"fnMap":{"0":{"name":"(anonymous_0)","decl":{"start":{"line":17,"column":13},"end":{"line":17,"column":18}},"loc":{"start":{"line":17,"column":66},"end":{"line":35,"column":5}}},"1":{"name":"(anonymous_1)","decl":{"start":{"line":37,"column":15},"end":{"line":37,"column":20}},"loc":{"start":{"line":48,"column":8},"end":{"line":101,"column":5}}},"2":{"name":"(anonymous_2)","decl":{"start":{"line":103,"column":18},"end":{"line":103,"column":23}},"loc":{"start":{"line":103,"column":74},"end":{"line":122,"column":5}}}},"branchMap":{"0":{"loc":{"start":{"line":27,"column":8},"end":{"line":29,"column":9}},"type":"if","locations":[{"start":{"line":27,"column":8},"end":{"line":29,"column":9}},{"start":{},"end":{}}]},"1":{"loc":{"start":{"line":27,"column":12},"end":{"line":27,"column":30}},"type":"binary-expr","locations":[{"start":{"line":27,"column":12},"end":{"line":27,"column":16}},{"start":{"line":27,"column":20},"end":{"line":27,"column":30}}]},"2":{"loc":{"start":{"line":53,"column":8},"end":{"line":55,"column":9}},"type":"if","locations":[{"start":{"line":53,"column":8},"end":{"line":55,"column":9}},{"start":{},"end":{}}]},"3":{"loc":{"start":{"line":59,"column":8},"end":{"line":63,"column":9}},"type":"if","locations":[{"start":{"line":59,"column":8},"end":{"line":63,"column":9}},{"start":{},"end":{}}]},"4":{"loc":{"start":{"line":67,"column":8},"end":{"line":87,"column":9}},"type":"if","locations":[{"start":{"line":67,"column":8},"end":{"line":87,"column":9}},{"start":{},"end":{}}]},"5":{"loc":{"start":{"line":68,"column":10},"end":{"line":72,"column":11}},"type":"if","locations":[{"start":{"line":68,"column":10},"end":{"line":72,"column":11}},{"start":{},"end":{}}]},"6":{"loc":{"start":{"line":78,"column":25},"end":{"line":80,"column":25}},"type":"cond-expr","locations":[{"start":{"line":79,"column":16},"end":{"line":79,"column":59}},{"start":{"line":80,"column":16},"end":{"line":80,"column":25}}]},"7":{"loc":{"start":{"line":107,"column":6},"end":{"line":111,"column":7}},"type":"if","locations":[{"start":{"line":107,"column":6},"end":{"line":111,"column":7}},{"start":{},"end":{}}]}},"s":{"0":0,"1":0,"2":0,"3":0,"4":0,"5":0,"6":0,"7":0,"8":0,"9":0,"10":0,"11":0,"12":0,"13":0,"14":0,"15":0,"16":0,"17":0,"18":0,"19":0,"20":0,"21":0,"22":0,"23":0,"24":0,"25":0,"26":0,"27":0,"28":0,"29":0,"30":0,"31":0,"32":0,"33":0,"34":0,"35":0,"36":0,"37":0,"38":0},"f":{"0":0,"1":0,"2":0},"b":{"0":[0,0],"1":[0,0],"2":[0,0],"3":[0,0],"4":[0,0],"5":[0,0],"6":[0,0],"7":[0,0]}}
,"C:\\pHero\\Hobby\\react-native-learning\\physio-care-backend\\src\\graphql\\resolvers\\center.resolver.ts": {"path":"C:\\pHero\\Hobby\\react-native-learning\\physio-care-backend\\src\\graphql\\resolvers\\center.resolver.ts","statementMap":{"0":{"start":{"line":1,"column":0},"end":{"line":1,"column":38}},"1":{"start":{"line":2,"column":0},"end":{"line":2,"column":39}},"2":{"start":{"line":3,"column":0},"end":{"line":3,"column":32}},"3":{"start":{"line":5,"column":13},"end":{"line":49,"column":2}},"4":{"start":{"line":8,"column":45},"end":{"line":8,"column":63}},"5":{"start":{"line":10,"column":6},"end":{"line":12,"column":7}},"6":{"start":{"line":11,"column":8},"end":{"line":11,"column":26}},"7":{"start":{"line":14,"column":6},"end":{"line":14,"column":50}},"8":{"start":{"line":18,"column":6},"end":{"line":22,"column":7}},"9":{"start":{"line":19,"column":8},"end":{"line":21,"column":11}},"10":{"start":{"line":24,"column":21},"end":{"line":24,"column":46}},"11":{"start":{"line":26,"column":6},"end":{"line":30,"column":7}},"12":{"start":{"line":27,"column":8},"end":{"line":29,"column":11}},"13":{"start":{"line":32,"column":6},"end":{"line":32,"column":20}},"14":{"start":{"line":38,"column":6},"end":{"line":40,"column":32}},"15":{"start":{"line":43,"column":6},"end":{"line":43,"column":44}},"16":{"start":{"line":46,"column":6},"end":{"line":46,"column":44}}},"fnMap":{"0":{"name":"(anonymous_1)","decl":{"start":{"line":7,"column":13},"end":{"line":7,"column":18}},"loc":{"start":{"line":7,"column":63},"end":{"line":15,"column":5}}},"1":{"name":"(anonymous_2)","decl":{"start":{"line":17,"column":12},"end":{"line":17,"column":17}},"loc":{"start":{"line":17,"column":57},"end":{"line":33,"column":5}}},"2":{"name":"(anonymous_3)","decl":{"start":{"line":37,"column":8},"end":{"line":37,"column":9}},"loc":{"start":{"line":37,"column":62},"end":{"line":41,"column":5}}},"3":{"name":"(anonymous_4)","decl":{"start":{"line":42,"column":15},"end":{"line":42,"column":16}},"loc":{"start":{"line":42,"column":47},"end":{"line":44,"column":5}}},"4":{"name":"(anonymous_5)","decl":{"start":{"line":45,"column":15},"end":{"line":45,"column":16}},"loc":{"start":{"line":45,"column":47},"end":{"line":47,"column":5}}}},"branchMap":{"0":{"loc":{"start":{"line":10,"column":6},"end":{"line":12,"column":7}},"type":"if","locations":[{"start":{"line":10,"column":6},"end":{"line":12,"column":7}},{"start":{},"end":{}}]},"1":{"loc":{"start":{"line":18,"column":6},"end":{"line":22,"column":7}},"type":"if","locations":[{"start":{"line":18,"column":6},"end":{"line":22,"column":7}},{"start":{},"end":{}}]},"2":{"loc":{"start":{"line":26,"column":6},"end":{"line":30,"column":7}},"type":"if","locations":[{"start":{"line":26,"column":6},"end":{"line":30,"column":7}},{"start":{},"end":{}}]},"3":{"loc":{"start":{"line":38,"column":13},"end":{"line":40,"column":31}},"type":"cond-expr","locations":[{"start":{"line":39,"column":10},"end":{"line":39,"column":20}},{"start":{"line":40,"column":10},"end":{"line":40,"column":31}}]}},"s":{"0":0,"1":0,"2":0,"3":0,"4":0,"5":0,"6":0,"7":0,"8":0,"9":0,"10":0,"11":0,"12":0,"13":0,"14":0,"15":0,"16":0},"f":{"0":0,"1":0,"2":0,"3":0,"4":0},"b":{"0":[0,0],"1":[0,0],"2":[0,0],"3":[0,0]}}
,"C:\\pHero\\Hobby\\react-native-learning\\physio-care-backend\\src\\graphql\\resolvers\\consultant.resolver.ts": {"path":"C:\\pHero\\Hobby\\react-native-learning\\physio-care-backend\\src\\graphql\\resolvers\\consultant.resolver.ts","statementMap":{"0":{"start":{"line":1,"column":0},"end":{"line":1,"column":50}},"1":{"start":{"line":2,"column":0},"end":{"line":2,"column":39}},"2":{"start":{"line":3,"column":0},"end":{"line":3,"column":32}},"3":{"start":{"line":5,"column":13},"end":{"line":69,"column":2}},"4":{"start":{"line":11,"column":45},"end":{"line":11,"column":63}},"5":{"start":{"line":13,"column":6},"end":{"line":20,"column":7}},"6":{"start":{"line":14,"column":8},"end":{"line":18,"column":9}},"7":{"start":{"line":15,"column":10},"end":{"line":17,"column":13}},"8":{"start":{"line":19,"column":8},"end":{"line":19,"column":34}},"9":{"start":{"line":22,"column":6},"end":{"line":24,"column":7}},"10":{"start":{"line":23,"column":8},"end":{"line":23,"column":36}},"11":{"start":{"line":26,"column":6},"end":{"line":26,"column":54}},"12":{"start":{"line":30,"column":6},"end":{"line":34,"column":7}},"13":{"start":{"line":31,"column":8},"end":{"line":33,"column":11}},"14":{"start":{"line":36,"column":25},"end":{"line":36,"column":54}},"15":{"start":{"line":38,"column":6},"end":{"line":42,"column":7}},"16":{"start":{"line":39,"column":8},"end":{"line":41,"column":11}},"17":{"start":{"line":44,"column":6},"end":{"line":44,"column":24}},"18":{"start":{"line":50,"column":6},"end":{"line":52,"column":32}},"19":{"start":{"line":55,"column":6},"end":{"line":57,"column":37}},"20":{"start":{"line":60,"column":6},"end":{"line":60,"column":46}},"21":{"start":{"line":63,"column":6},"end":{"line":63,"column":44}},"22":{"start":{"line":66,"column":6},"end":{"line":66,"column":44}}},"fnMap":{"0":{"name":"(anonymous_1)","decl":{"start":{"line":7,"column":17},"end":{"line":7,"column":22}},"loc":{"start":{"line":10,"column":8},"end":{"line":27,"column":5}}},"1":{"name":"(anonymous_2)","decl":{"start":{"line":29,"column":16},"end":{"line":29,"column":21}},"loc":{"start":{"line":29,"column":61},"end":{"line":45,"column":5}}},"2":{"name":"(anonymous_3)","decl":{"start":{"line":49,"column":8},"end":{"line":49,"column":9}},"loc":{"start":{"line":49,"column":62},"end":{"line":53,"column":5}}},"3":{"name":"(anonymous_4)","decl":{"start":{"line":54,"column":14},"end":{"line":54,"column":15}},"loc":{"start":{"line":54,"column":73},"end":{"line":58,"column":5}}},"4":{"name":"(anonymous_5)","decl":{"start":{"line":59,"column":12},"end":{"line":59,"column":17}},"loc":{"start":{"line":59,"column":68},"end":{"line":61,"column":5}}},"5":{"name":"(anonymous_6)","decl":{"start":{"line":62,"column":15},"end":{"line":62,"column":16}},"loc":{"start":{"line":62,"column":47},"end":{"line":64,"column":5}}},"6":{"name":"(anonymous_7)","decl":{"start":{"line":65,"column":15},"end":{"line":65,"column":16}},"loc":{"start":{"line":65,"column":47},"end":{"line":67,"column":5}}}},"branchMap":{"0":{"loc":{"start":{"line":13,"column":6},"end":{"line":20,"column":7}},"type":"if","locations":[{"start":{"line":13,"column":6},"end":{"line":20,"column":7}},{"start":{},"end":{}}]},"1":{"loc":{"start":{"line":14,"column":8},"end":{"line":18,"column":9}},"type":"if","locations":[{"start":{"line":14,"column":8},"end":{"line":18,"column":9}},{"start":{},"end":{}}]},"2":{"loc":{"start":{"line":22,"column":6},"end":{"line":24,"column":7}},"type":"if","locations":[{"start":{"line":22,"column":6},"end":{"line":24,"column":7}},{"start":{},"end":{}}]},"3":{"loc":{"start":{"line":30,"column":6},"end":{"line":34,"column":7}},"type":"if","locations":[{"start":{"line":30,"column":6},"end":{"line":34,"column":7}},{"start":{},"end":{}}]},"4":{"loc":{"start":{"line":38,"column":6},"end":{"line":42,"column":7}},"type":"if","locations":[{"start":{"line":38,"column":6},"end":{"line":42,"column":7}},{"start":{},"end":{}}]},"5":{"loc":{"start":{"line":50,"column":13},"end":{"line":52,"column":31}},"type":"cond-expr","locations":[{"start":{"line":51,"column":10},"end":{"line":51,"column":20}},{"start":{"line":52,"column":10},"end":{"line":52,"column":31}}]},"6":{"loc":{"start":{"line":55,"column":13},"end":{"line":57,"column":36}},"type":"cond-expr","locations":[{"start":{"line":56,"column":10},"end":{"line":56,"column":25}},{"start":{"line":57,"column":10},"end":{"line":57,"column":36}}]}},"s":{"0":0,"1":0,"2":0,"3":0,"4":0,"5":0,"6":0,"7":0,"8":0,"9":0,"10":0,"11":0,"12":0,"13":0,"14":0,"15":0,"16":0,"17":0,"18":0,"19":0,"20":0,"21":0,"22":0},"f":{"0":0,"1":0,"2":0,"3":0,"4":0,"5":0,"6":0},"b":{"0":[0,0],"1":[0,0],"2":[0,0],"3":[0,0],"4":[0,0],"5":[0,0],"6":[0,0]}}
,"C:\\pHero\\Hobby\\react-native-learning\\physio-care-backend\\src\\graphql\\resolvers\\goal.resolver.ts": {"path":"C:\\pHero\\Hobby\\react-native-learning\\physio-care-backend\\src\\graphql\\resolvers\\goal.resolver.ts","statementMap":{"0":{"start":{"line":1,"column":0},"end":{"line":1,"column":36}},"1":{"start":{"line":2,"column":0},"end":{"line":2,"column":76}},"2":{"start":{"line":3,"column":0},"end":{"line":3,"column":39}},"3":{"start":{"line":4,"column":0},"end":{"line":4,"column":null}},"4":{"start":{"line":8,"column":0},"end":{"line":8,"column":32}},"5":{"start":{"line":10,"column":13},"end":{"line":167,"column":2}},"6":{"start":{"line":17,"column":19},"end":{"line":17,"column":39}},"7":{"start":{"line":18,"column":45},"end":{"line":18,"column":67}},"8":{"start":{"line":20,"column":6},"end":{"line":22,"column":7}},"9":{"start":{"line":21,"column":8},"end":{"line":21,"column":30}},"10":{"start":{"line":24,"column":6},"end":{"line":24,"column":54}},"11":{"start":{"line":28,"column":19},"end":{"line":28,"column":39}},"12":{"start":{"line":30,"column":6},"end":{"line":34,"column":7}},"13":{"start":{"line":31,"column":8},"end":{"line":33,"column":11}},"14":{"start":{"line":36,"column":19},"end":{"line":36,"column":70}},"15":{"start":{"line":38,"column":6},"end":{"line":42,"column":7}},"16":{"start":{"line":39,"column":8},"end":{"line":41,"column":11}},"17":{"start":{"line":44,"column":6},"end":{"line":44,"column":18}},"18":{"start":{"line":54,"column":19},"end":{"line":54,"column":39}},"19":{"start":{"line":55,"column":6},"end":{"line":55,"column":36}},"20":{"start":{"line":57,"column":48},"end":{"line":66,"column":8}},"21":{"start":{"line":68,"column":6},"end":{"line":70,"column":7}},"22":{"start":{"line":69,"column":8},"end":{"line":69,"column":39}},"23":{"start":{"line":72,"column":6},"end":{"line":74,"column":7}},"24":{"start":{"line":73,"column":8},"end":{"line":73,"column":35}},"25":{"start":{"line":76,"column":6},"end":{"line":78,"column":7}},"26":{"start":{"line":77,"column":8},"end":{"line":77,"column":67}},"27":{"start":{"line":80,"column":19},"end":{"line":80,"column":46}},"28":{"start":{"line":81,"column":6},"end":{"line":81,"column":18}},"29":{"start":{"line":89,"column":19},"end":{"line":89,"column":39}},"30":{"start":{"line":91,"column":6},"end":{"line":95,"column":7}},"31":{"start":{"line":92,"column":8},"end":{"line":94,"column":11}},"32":{"start":{"line":97,"column":6},"end":{"line":97,"column":36}},"33":{"start":{"line":99,"column":50},"end":{"line":102,"column":8}},"34":{"start":{"line":104,"column":19},"end":{"line":107,"column":null}},"35":{"start":{"line":110,"column":6},"end":{"line":114,"column":7}},"36":{"start":{"line":111,"column":8},"end":{"line":113,"column":11}},"37":{"start":{"line":116,"column":6},"end":{"line":116,"column":18}},"38":{"start":{"line":124,"column":19},"end":{"line":124,"column":39}},"39":{"start":{"line":126,"column":6},"end":{"line":130,"column":7}},"40":{"start":{"line":127,"column":8},"end":{"line":129,"column":11}},"41":{"start":{"line":132,"column":21},"end":{"line":132,"column":74}},"42":{"start":{"line":134,"column":6},"end":{"line":138,"column":7}},"43":{"start":{"line":135,"column":8},"end":{"line":137,"column":11}},"44":{"start":{"line":140,"column":6},"end":{"line":140,"column":37}},"45":{"start":{"line":146,"column":6},"end":{"line":148,"column":32}},"46":{"start":{"line":151,"column":6},"end":{"line":153,"column":37}},"47":{"start":{"line":155,"column":6},"end":{"line":155,"column":72}},"48":{"start":{"line":158,"column":6},"end":{"line":158,"column":74}},"49":{"start":{"line":161,"column":6},"end":{"line":161,"column":44}},"50":{"start":{"line":164,"column":6},"end":{"line":164,"column":44}}},"fnMap":{"0":{"name":"(anonymous_1)","decl":{"start":{"line":12,"column":11},"end":{"line":12,"column":16}},"loc":{"start":{"line":16,"column":8},"end":{"line":25,"column":5}}},"1":{"name":"(anonymous_2)","decl":{"start":{"line":27,"column":10},"end":{"line":27,"column":15}},"loc":{"start":{"line":27,"column":77},"end":{"line":45,"column":5}}},"2":{"name":"(anonymous_3)","decl":{"start":{"line":49,"column":16},"end":{"line":49,"column":21}},"loc":{"start":{"line":53,"column":8},"end":{"line":82,"column":5}}},"3":{"name":"(anonymous_4)","decl":{"start":{"line":84,"column":16},"end":{"line":84,"column":21}},"loc":{"start":{"line":88,"column":8},"end":{"line":117,"column":5}}},"4":{"name":"(anonymous_5)","decl":{"start":{"line":119,"column":16},"end":{"line":119,"column":21}},"loc":{"start":{"line":123,"column":8},"end":{"line":141,"column":5}}},"5":{"name":"(anonymous_6)","decl":{"start":{"line":145,"column":8},"end":{"line":145,"column":9}},"loc":{"start":{"line":145,"column":62},"end":{"line":149,"column":5}}},"6":{"name":"(anonymous_7)","decl":{"start":{"line":150,"column":15},"end":{"line":150,"column":16}},"loc":{"start":{"line":151,"column":6},"end":{"line":153,"column":37}}},"7":{"name":"(anonymous_8)","decl":{"start":{"line":154,"column":16},"end":{"line":154,"column":17}},"loc":{"start":{"line":154,"column":50},"end":{"line":156,"column":5}}},"8":{"name":"(anonymous_9)","decl":{"start":{"line":157,"column":17},"end":{"line":157,"column":18}},"loc":{"start":{"line":157,"column":52},"end":{"line":159,"column":5}}},"9":{"name":"(anonymous_10)","decl":{"start":{"line":160,"column":15},"end":{"line":160,"column":16}},"loc":{"start":{"line":160,"column":47},"end":{"line":162,"column":5}}},"10":{"name":"(anonymous_11)","decl":{"start":{"line":163,"column":15},"end":{"line":163,"column":16}},"loc":{"start":{"line":163,"column":47},"end":{"line":165,"column":5}}}},"branchMap":{"0":{"loc":{"start":{"line":20,"column":6},"end":{"line":22,"column":7}},"type":"if","locations":[{"start":{"line":20,"column":6},"end":{"line":22,"column":7}},{"start":{},"end":{}}]},"1":{"loc":{"start":{"line":30,"column":6},"end":{"line":34,"column":7}},"type":"if","locations":[{"start":{"line":30,"column":6},"end":{"line":34,"column":7}},{"start":{},"end":{}}]},"2":{"loc":{"start":{"line":38,"column":6},"end":{"line":42,"column":7}},"type":"if","locations":[{"start":{"line":38,"column":6},"end":{"line":42,"column":7}},{"start":{},"end":{}}]},"3":{"loc":{"start":{"line":68,"column":6},"end":{"line":70,"column":7}},"type":"if","locations":[{"start":{"line":68,"column":6},"end":{"line":70,"column":7}},{"start":{},"end":{}}]},"4":{"loc":{"start":{"line":72,"column":6},"end":{"line":74,"column":7}},"type":"if","locations":[{"start":{"line":72,"column":6},"end":{"line":74,"column":7}},{"start":{},"end":{}}]},"5":{"loc":{"start":{"line":76,"column":6},"end":{"line":78,"column":7}},"type":"if","locations":[{"start":{"line":76,"column":6},"end":{"line":78,"column":7}},{"start":{},"end":{}}]},"6":{"loc":{"start":{"line":91,"column":6},"end":{"line":95,"column":7}},"type":"if","locations":[{"start":{"line":91,"column":6},"end":{"line":95,"column":7}},{"start":{},"end":{}}]},"7":{"loc":{"start":{"line":110,"column":6},"end":{"line":114,"column":7}},"type":"if","locations":[{"start":{"line":110,"column":6},"end":{"line":114,"column":7}},{"start":{},"end":{}}]},"8":{"loc":{"start":{"line":126,"column":6},"end":{"line":130,"column":7}},"type":"if","locations":[{"start":{"line":126,"column":6},"end":{"line":130,"column":7}},{"start":{},"end":{}}]},"9":{"loc":{"start":{"line":134,"column":6},"end":{"line":138,"column":7}},"type":"if","locations":[{"start":{"line":134,"column":6},"end":{"line":138,"column":7}},{"start":{},"end":{}}]},"10":{"loc":{"start":{"line":146,"column":13},"end":{"line":148,"column":31}},"type":"cond-expr","locations":[{"start":{"line":147,"column":10},"end":{"line":147,"column":20}},{"start":{"line":148,"column":10},"end":{"line":148,"column":31}}]},"11":{"loc":{"start":{"line":151,"column":6},"end":{"line":153,"column":37}},"type":"cond-expr","locations":[{"start":{"line":152,"column":10},"end":{"line":152,"column":26}},{"start":{"line":153,"column":10},"end":{"line":153,"column":37}}]},"12":{"loc":{"start":{"line":155,"column":13},"end":{"line":155,"column":71}},"type":"cond-expr","locations":[{"start":{"line":155,"column":33},"end":{"line":155,"column":64}},{"start":{"line":155,"column":67},"end":{"line":155,"column":71}}]},"13":{"loc":{"start":{"line":158,"column":13},"end":{"line":158,"column":73}},"type":"cond-expr","locations":[{"start":{"line":158,"column":34},"end":{"line":158,"column":66}},{"start":{"line":158,"column":69},"end":{"line":158,"column":73}}]}},"s":{"0":0,"1":0,"2":0,"3":0,"4":0,"5":0,"6":0,"7":0,"8":0,"9":0,"10":0,"11":0,"12":0,"13":0,"14":0,"15":0,"16":0,"17":0,"18":0,"19":0,"20":0,"21":0,"22":0,"23":0,"24":0,"25":0,"26":0,"27":0,"28":0,"29":0,"30":0,"31":0,"32":0,"33":0,"34":0,"35":0,"36":0,"37":0,"38":0,"39":0,"40":0,"41":0,"42":0,"43":0,"44":0,"45":0,"46":0,"47":0,"48":0,"49":0,"50":0},"f":{"0":0,"1":0,"2":0,"3":0,"4":0,"5":0,"6":0,"7":0,"8":0,"9":0,"10":0},"b":{"0":[0,0],"1":[0,0],"2":[0,0],"3":[0,0],"4":[0,0],"5":[0,0],"6":[0,0],"7":[0,0],"8":[0,0],"9":[0,0],"10":[0,0],"11":[0,0],"12":[0,0],"13":[0,0]}}
,"C:\\pHero\\Hobby\\react-native-learning\\physio-care-backend\\src\\graphql\\resolvers\\user.resolver.ts": {"path":"C:\\pHero\\Hobby\\react-native-learning\\physio-care-backend\\src\\graphql\\resolvers\\user.resolver.ts","statementMap":{"0":{"start":{"line":1,"column":0},"end":{"line":1,"column":36}},"1":{"start":{"line":2,"column":0},"end":{"line":2,"column":39}},"2":{"start":{"line":3,"column":0},"end":{"line":3,"column":76}},"3":{"start":{"line":4,"column":0},"end":{"line":4,"column":67}},"4":{"start":{"line":5,"column":0},"end":{"line":5,"column":49}},"5":{"start":{"line":8,"column":46},"end":{"line":17,"column":2}},"6":{"start":{"line":19,"column":53},"end":{"line":28,"column":2}},"7":{"start":{"line":30,"column":13},"end":{"line":105,"column":2}},"8":{"start":{"line":33,"column":23},"end":{"line":33,"column":43}},"9":{"start":{"line":35,"column":19},"end":{"line":35,"column":51}},"10":{"start":{"line":36,"column":6},"end":{"line":40,"column":7}},"11":{"start":{"line":37,"column":8},"end":{"line":39,"column":11}},"12":{"start":{"line":42,"column":6},"end":{"line":42,"column":18}},"13":{"start":{"line":46,"column":19},"end":{"line":46,"column":42}},"14":{"start":{"line":47,"column":6},"end":{"line":51,"column":7}},"15":{"start":{"line":48,"column":8},"end":{"line":50,"column":11}},"16":{"start":{"line":52,"column":6},"end":{"line":52,"column":18}},"17":{"start":{"line":56,"column":6},"end":{"line":56,"column":43}},"18":{"start":{"line":66,"column":6},"end":{"line":90,"column":7}},"19":{"start":{"line":67,"column":25},"end":{"line":67,"column":45}},"20":{"start":{"line":68,"column":8},"end":{"line":68,"column":38}},"21":{"start":{"line":71,"column":8},"end":{"line":73,"column":9}},"22":{"start":{"line":72,"column":10},"end":{"line":72,"column":78}},"23":{"start":{"line":75,"column":21},"end":{"line":78,"column":null}},"24":{"start":{"line":81,"column":8},"end":{"line":85,"column":9}},"25":{"start":{"line":82,"column":10},"end":{"line":84,"column":13}},"26":{"start":{"line":87,"column":8},"end":{"line":87,"column":20}},"27":{"start":{"line":89,"column":8},"end":{"line":89,"column":33}},"28":{"start":{"line":95,"column":37},"end":{"line":95,"column":58}},"29":{"start":{"line":97,"column":6},"end":{"line":97,"column":73}},"30":{"start":{"line":99,"column":48},"end":{"line":99,"column":78}},"31":{"start":{"line":100,"column":48},"end":{"line":100,"column":78}},"32":{"start":{"line":102,"column":6},"end":{"line":102,"column":74}}},"fnMap":{"0":{"name":"(anonymous_0)","decl":{"start":{"line":32,"column":8},"end":{"line":32,"column":13}},"loc":{"start":{"line":32,"column":64},"end":{"line":43,"column":5}}},"1":{"name":"(anonymous_1)","decl":{"start":{"line":45,"column":10},"end":{"line":45,"column":15}},"loc":{"start":{"line":45,"column":55},"end":{"line":53,"column":5}}},"2":{"name":"(anonymous_2)","decl":{"start":{"line":55,"column":11},"end":{"line":55,"column":16}},"loc":{"start":{"line":55,"column":22},"end":{"line":57,"column":5}}},"3":{"name":"(anonymous_3)","decl":{"start":{"line":61,"column":19},"end":{"line":61,"column":24}},"loc":{"start":{"line":65,"column":8},"end":{"line":91,"column":5}}},"4":{"name":"(anonymous_4)","decl":{"start":{"line":95,"column":8},"end":{"line":95,"column":9}},"loc":{"start":{"line":95,"column":37},"end":{"line":95,"column":58}}},"5":{"name":"(anonymous_5)","decl":{"start":{"line":96,"column":16},"end":{"line":96,"column":17}},"loc":{"start":{"line":96,"column":52},"end":{"line":98,"column":5}}},"6":{"name":"(anonymous_6)","decl":{"start":{"line":99,"column":15},"end":{"line":99,"column":16}},"loc":{"start":{"line":99,"column":48},"end":{"line":99,"column":78}}},"7":{"name":"(anonymous_7)","decl":{"start":{"line":100,"column":15},"end":{"line":100,"column":16}},"loc":{"start":{"line":100,"column":48},"end":{"line":100,"column":78}}},"8":{"name":"(anonymous_8)","decl":{"start":{"line":101,"column":17},"end":{"line":101,"column":18}},"loc":{"start":{"line":101,"column":52},"end":{"line":103,"column":5}}}},"branchMap":{"0":{"loc":{"start":{"line":36,"column":6},"end":{"line":40,"column":7}},"type":"if","locations":[{"start":{"line":36,"column":6},"end":{"line":40,"column":7}},{"start":{},"end":{}}]},"1":{"loc":{"start":{"line":47,"column":6},"end":{"line":51,"column":7}},"type":"if","locations":[{"start":{"line":47,"column":6},"end":{"line":51,"column":7}},{"start":{},"end":{}}]},"2":{"loc":{"start":{"line":71,"column":8},"end":{"line":73,"column":9}},"type":"if","locations":[{"start":{"line":71,"column":8},"end":{"line":73,"column":9}},{"start":{},"end":{}}]},"3":{"loc":{"start":{"line":81,"column":8},"end":{"line":85,"column":9}},"type":"if","locations":[{"start":{"line":81,"column":8},"end":{"line":85,"column":9}},{"start":{},"end":{}}]},"4":{"loc":{"start":{"line":97,"column":13},"end":{"line":97,"column":72}},"type":"cond-expr","locations":[{"start":{"line":97,"column":33},"end":{"line":97,"column":65}},{"start":{"line":97,"column":68},"end":{"line":97,"column":72}}]},"5":{"loc":{"start":{"line":102,"column":13},"end":{"line":102,"column":73}},"type":"cond-expr","locations":[{"start":{"line":102,"column":34},"end":{"line":102,"column":66}},{"start":{"line":102,"column":69},"end":{"line":102,"column":73}}]}},"s":{"0":0,"1":0,"2":0,"3":0,"4":0,"5":0,"6":0,"7":0,"8":0,"9":0,"10":0,"11":0,"12":0,"13":0,"14":0,"15":0,"16":0,"17":0,"18":0,"19":0,"20":0,"21":0,"22":0,"23":0,"24":0,"25":0,"26":0,"27":0,"28":0,"29":0,"30":0,"31":0,"32":0},"f":{"0":0,"1":0,"2":0,"3":0,"4":0,"5":0,"6":0,"7":0,"8":0},"b":{"0":[0,0],"1":[0,0],"2":[0,0],"3":[0,0],"4":[0,0],"5":[0,0]}}
,"C:\\pHero\\Hobby\\react-native-learning\\physio-care-backend\\src\\graphql\\typeDefs\\appointment.typeDef.ts": {"path":"C:\\pHero\\Hobby\\react-native-learning\\physio-care-backend\\src\\graphql\\typeDefs\\appointment.typeDef.ts","statementMap":{"0":{"start":{"line":1,"column":13},"end":{"line":67,"column":2}}},"fnMap":{},"branchMap":{},"s":{"0":0},"f":{},"b":{}}
,"C:\\pHero\\Hobby\\react-native-learning\\physio-care-backend\\src\\graphql\\typeDefs\\auth.typeDef.ts": {"path":"C:\\pHero\\Hobby\\react-native-learning\\physio-care-backend\\src\\graphql\\typeDefs\\auth.typeDef.ts","statementMap":{"0":{"start":{"line":1,"column":13},"end":{"line":17,"column":5}}},"fnMap":{},"branchMap":{},"s":{"0":0},"f":{},"b":{}}
,"C:\\pHero\\Hobby\\react-native-learning\\physio-care-backend\\src\\graphql\\typeDefs\\center.typeDef.ts": {"path":"C:\\pHero\\Hobby\\react-native-learning\\physio-care-backend\\src\\graphql\\typeDefs\\center.typeDef.ts","statementMap":{"0":{"start":{"line":1,"column":13},"end":{"line":19,"column":2}}},"fnMap":{},"branchMap":{},"s":{"0":0},"f":{},"b":{}}
,"C:\\pHero\\Hobby\\react-native-learning\\physio-care-backend\\src\\graphql\\typeDefs\\consultant.typeDef.ts": {"path":"C:\\pHero\\Hobby\\react-native-learning\\physio-care-backend\\src\\graphql\\typeDefs\\consultant.typeDef.ts","statementMap":{"0":{"start":{"line":1,"column":13},"end":{"line":22,"column":2}}},"fnMap":{},"branchMap":{},"s":{"0":0},"f":{},"b":{}}
,"C:\\pHero\\Hobby\\react-native-learning\\physio-care-backend\\src\\graphql\\typeDefs\\goal.typeDef.ts": {"path":"C:\\pHero\\Hobby\\react-native-learning\\physio-care-backend\\src\\graphql\\typeDefs\\goal.typeDef.ts","statementMap":{"0":{"start":{"line":1,"column":13},"end":{"line":69,"column":2}}},"fnMap":{},"branchMap":{},"s":{"0":0},"f":{},"b":{}}
,"C:\\pHero\\Hobby\\react-native-learning\\physio-care-backend\\src\\graphql\\typeDefs\\user.typeDef.ts": {"path":"C:\\pHero\\Hobby\\react-native-learning\\physio-care-backend\\src\\graphql\\typeDefs\\user.typeDef.ts","statementMap":{"0":{"start":{"line":1,"column":13},"end":{"line":69,"column":5}}},"fnMap":{},"branchMap":{},"s":{"0":0},"f":{},"b":{}}
,"C:\\pHero\\Hobby\\react-native-learning\\physio-care-backend\\src\\graphql\\utils\\wrapResolvers.ts": {"path":"C:\\pHero\\Hobby\\react-native-learning\\physio-care-backend\\src\\graphql\\utils\\wrapResolvers.ts","statementMap":{"0":{"start":{"line":1,"column":0},"end":{"line":1,"column":49}},"1":{"start":{"line":7,"column":29},"end":{"line":35,"column":1}},"2":{"start":{"line":8,"column":20},"end":{"line":32,"column":3}},"3":{"start":{"line":9,"column":4},"end":{"line":17,"column":5}},"4":{"start":{"line":10,"column":6},"end":{"line":16,"column":8}},"5":{"start":{"line":11,"column":8},"end":{"line":15,"column":9}},"6":{"start":{"line":12,"column":10},"end":{"line":12,"column":38}},"7":{"start":{"line":14,"column":10},"end":{"line":14,"column":35}},"8":{"start":{"line":19,"column":4},"end":{"line":21,"column":5}},"9":{"start":{"line":20,"column":6},"end":{"line":20,"column":34}},"10":{"start":{"line":23,"column":4},"end":{"line":29,"column":5}},"11":{"start":{"line":24,"column":29},"end":{"line":27,"column":8}},"12":{"start":{"line":24,"column":71},"end":{"line":27,"column":8}},"13":{"start":{"line":28,"column":6},"end":{"line":28,"column":48}},"14":{"start":{"line":31,"column":4},"end":{"line":31,"column":17}},"15":{"start":{"line":34,"column":2},"end":{"line":34,"column":37}},"16":{"start":{"line":7,"column":13},"end":{"line":7,"column":29}}},"fnMap":{"0":{"name":"(anonymous_0)","decl":{"start":{"line":7,"column":29},"end":{"line":7,"column":33}},"loc":{"start":{"line":7,"column":54},"end":{"line":35,"column":1}}},"1":{"name":"(anonymous_1)","decl":{"start":{"line":8,"column":20},"end":{"line":8,"column":21}},"loc":{"start":{"line":8,"column":48},"end":{"line":32,"column":3}}},"2":{"name":"(anonymous_2)","decl":{"start":{"line":10,"column":13},"end":{"line":10,"column":18}},"loc":{"start":{"line":10,"column":42},"end":{"line":16,"column":7}}},"3":{"name":"(anonymous_3)","decl":{"start":{"line":24,"column":55},"end":{"line":24,"column":56}},"loc":{"start":{"line":24,"column":71},"end":{"line":27,"column":8}}}},"branchMap":{"0":{"loc":{"start":{"line":9,"column":4},"end":{"line":17,"column":5}},"type":"if","locations":[{"start":{"line":9,"column":4},"end":{"line":17,"column":5}},{"start":{},"end":{}}]},"1":{"loc":{"start":{"line":19,"column":4},"end":{"line":21,"column":5}},"type":"if","locations":[{"start":{"line":19,"column":4},"end":{"line":21,"column":5}},{"start":{},"end":{}}]},"2":{"loc":{"start":{"line":23,"column":4},"end":{"line":29,"column":5}},"type":"if","locations":[{"start":{"line":23,"column":4},"end":{"line":29,"column":5}},{"start":{},"end":{}}]},"3":{"loc":{"start":{"line":23,"column":8},"end":{"line":23,"column":42}},"type":"binary-expr","locations":[{"start":{"line":23,"column":8},"end":{"line":23,"column":13}},{"start":{"line":23,"column":17},"end":{"line":23,"column":42}}]}},"s":{"0":0,"1":0,"2":0,"3":0,"4":0,"5":0,"6":0,"7":0,"8":0,"9":0,"10":0,"11":0,"12":0,"13":0,"14":0,"15":0,"16":0},"f":{"0":0,"1":0,"2":0,"3":0},"b":{"0":[0,0],"1":[0,0],"2":[0,0],"3":[0,0]}}
,"C:\\pHero\\Hobby\\react-native-learning\\physio-care-backend\\src\\middleware\\auth.middleware.ts": {"path":"C:\\pHero\\Hobby\\react-native-learning\\physio-care-backend\\src\\middleware\\auth.middleware.ts","statementMap":{"0":{"start":{"line":1,"column":0},"end":{"line":1,"column":55}},"1":{"start":{"line":2,"column":0},"end":{"line":2,"column":39}},"2":{"start":{"line":8,"column":28},"end":{"line":25,"column":1}},"3":{"start":{"line":11,"column":21},"end":{"line":11,"column":47}},"4":{"start":{"line":13,"column":2},"end":{"line":15,"column":3}},"5":{"start":{"line":14,"column":4},"end":{"line":14,"column":31}},"6":{"start":{"line":17,"column":16},"end":{"line":17,"column":39}},"7":{"start":{"line":19,"column":2},"end":{"line":24,"column":3}},"8":{"start":{"line":20,"column":20},"end":{"line":20,"column":38}},"9":{"start":{"line":21,"column":4},"end":{"line":21,"column":29}},"10":{"start":{"line":23,"column":4},"end":{"line":23,"column":31}},"11":{"start":{"line":8,"column":13},"end":{"line":8,"column":28}},"12":{"start":{"line":27,"column":27},"end":{"line":34,"column":1}},"13":{"start":{"line":28,"column":2},"end":{"line":32,"column":3}},"14":{"start":{"line":29,"column":4},"end":{"line":31,"column":7}},"15":{"start":{"line":33,"column":2},"end":{"line":33,"column":22}},"16":{"start":{"line":27,"column":13},"end":{"line":27,"column":27}}},"fnMap":{"0":{"name":"(anonymous_0)","decl":{"start":{"line":8,"column":28},"end":{"line":8,"column":29}},"loc":{"start":{"line":10,"column":18},"end":{"line":25,"column":1}}},"1":{"name":"(anonymous_1)","decl":{"start":{"line":27,"column":27},"end":{"line":27,"column":28}},"loc":{"start":{"line":27,"column":64},"end":{"line":34,"column":1}}}},"branchMap":{"0":{"loc":{"start":{"line":13,"column":2},"end":{"line":15,"column":3}},"type":"if","locations":[{"start":{"line":13,"column":2},"end":{"line":15,"column":3}},{"start":{},"end":{}}]},"1":{"loc":{"start":{"line":13,"column":6},"end":{"line":13,"column":54}},"type":"binary-expr","locations":[{"start":{"line":13,"column":6},"end":{"line":13,"column":17}},{"start":{"line":13,"column":21},"end":{"line":13,"column":54}}]},"2":{"loc":{"start":{"line":28,"column":2},"end":{"line":32,"column":3}},"type":"if","locations":[{"start":{"line":28,"column":2},"end":{"line":32,"column":3}},{"start":{},"end":{}}]}},"s":{"0":0,"1":0,"2":0,"3":0,"4":0,"5":0,"6":0,"7":0,"8":0,"9":0,"10":0,"11":0,"12":0,"13":0,"14":0,"15":0,"16":0},"f":{"0":0,"1":0},"b":{"0":[0,0],"1":[0,0],"2":[0,0]}}
,"C:\\pHero\\Hobby\\react-native-learning\\physio-care-backend\\src\\models\\Appointment.ts": {"path":"C:\\pHero\\Hobby\\react-native-learning\\physio-care-backend\\src\\models\\Appointment.ts","statementMap":{"0":{"start":{"line":1,"column":0},"end":{"line":1,"column":54}},"1":{"start":{"line":16,"column":26},"end":{"line":65,"column":null}},"2":{"start":{"line":69,"column":0},"end":{"line":69,"column":53}},"3":{"start":{"line":70,"column":0},"end":{"line":70,"column":63}},"4":{"start":{"line":71,"column":0},"end":{"line":71,"column":50}},"5":{"start":{"line":73,"column":13},"end":{"line":76,"column":2}}},"fnMap":{},"branchMap":{},"s":{"0":0,"1":0,"2":0,"3":0,"4":0,"5":0},"f":{},"b":{}}
,"C:\\pHero\\Hobby\\react-native-learning\\physio-care-backend\\src\\models\\Center.ts": {"path":"C:\\pHero\\Hobby\\react-native-learning\\physio-care-backend\\src\\models\\Center.ts","statementMap":{"0":{"start":{"line":1,"column":0},"end":{"line":1,"column":54}},"1":{"start":{"line":12,"column":21},"end":{"line":36,"column":null}},"2":{"start":{"line":39,"column":0},"end":{"line":39,"column":45}},"3":{"start":{"line":41,"column":13},"end":{"line":41,"column":70}}},"fnMap":{},"branchMap":{},"s":{"0":0,"1":0,"2":0,"3":0},"f":{},"b":{}}
,"C:\\pHero\\Hobby\\react-native-learning\\physio-care-backend\\src\\models\\Consultant.ts": {"path":"C:\\pHero\\Hobby\\react-native-learning\\physio-care-backend\\src\\models\\Consultant.ts","statementMap":{"0":{"start":{"line":1,"column":0},"end":{"line":1,"column":54}},"1":{"start":{"line":14,"column":25},"end":{"line":50,"column":null}},"2":{"start":{"line":53,"column":0},"end":{"line":53,"column":53}},"3":{"start":{"line":55,"column":13},"end":{"line":58,"column":2}}},"fnMap":{},"branchMap":{},"s":{"0":0,"1":0,"2":0,"3":0},"f":{},"b":{}}
,"C:\\pHero\\Hobby\\react-native-learning\\physio-care-backend\\src\\models\\Goal.ts": {"path":"C:\\pHero\\Hobby\\react-native-learning\\physio-care-backend\\src\\models\\Goal.ts","statementMap":{"0":{"start":{"line":1,"column":0},"end":{"line":1,"column":54}},"1":{"start":{"line":21,"column":19},"end":{"line":85,"column":null}},"2":{"start":{"line":89,"column":0},"end":{"line":89,"column":46}},"3":{"start":{"line":90,"column":0},"end":{"line":90,"column":50}},"4":{"start":{"line":92,"column":13},"end":{"line":92,"column":62}}},"fnMap":{},"branchMap":{},"s":{"0":0,"1":0,"2":0,"3":0,"4":0},"f":{},"b":{}}
,"C:\\pHero\\Hobby\\react-native-learning\\physio-care-backend\\src\\models\\OTP.ts": {"path":"C:\\pHero\\Hobby\\react-native-learning\\physio-care-backend\\src\\models\\OTP.ts","statementMap":{"0":{"start":{"line":1,"column":0},"end":{"line":1,"column":54}},"1":{"start":{"line":12,"column":18},"end":{"line":39,"column":null}},"2":{"start":{"line":43,"column":0},"end":{"line":43,"column":61}},"3":{"start":{"line":44,"column":0},"end":{"line":44,"column":46}},"4":{"start":{"line":46,"column":13},"end":{"line":46,"column":58}}},"fnMap":{},"branchMap":{},"s":{"0":0,"1":0,"2":0,"3":0,"4":0},"f":{},"b":{}}
,"C:\\pHero\\Hobby\\react-native-learning\\physio-care-backend\\src\\models\\User.ts": {"path":"C:\\pHero\\Hobby\\react-native-learning\\physio-care-backend\\src\\models\\User.ts","statementMap":{"0":{"start":{"line":1,"column":0},"end":{"line":1,"column":54}},"1":{"start":{"line":18,"column":19},"end":{"line":72,"column":null}},"2":{"start":{"line":76,"column":0},"end":{"line":76,"column":32}},"3":{"start":{"line":77,"column":0},"end":{"line":77,"column":31}},"4":{"start":{"line":79,"column":13},"end":{"line":79,"column":62}}},"fnMap":{},"branchMap":{},"s":{"0":0,"1":0,"2":0,"3":0,"4":0},"f":{},"b":{}}
,"C:\\pHero\\Hobby\\react-native-learning\\physio-care-backend\\src\\models\\index.ts": {"path":"C:\\pHero\\Hobby\\react-native-learning\\physio-care-backend\\src\\models\\index.ts","statementMap":{"0":{"start":{"line":1,"column":0},"end":{"line":1,"column":9}},"1":{"start":{"line":1,"column":9},"end":{"line":1,"column":37}},"2":{"start":{"line":2,"column":0},"end":{"line":2,"column":9}},"3":{"start":{"line":2,"column":9},"end":{"line":2,"column":34}},"4":{"start":{"line":3,"column":0},"end":{"line":3,"column":9}},"5":{"start":{"line":3,"column":9},"end":{"line":3,"column":37}},"6":{"start":{"line":4,"column":0},"end":{"line":4,"column":9}},"7":{"start":{"line":4,"column":9},"end":{"line":4,"column":43}},"8":{"start":{"line":5,"column":0},"end":{"line":5,"column":9}},"9":{"start":{"line":5,"column":9},"end":{"line":5,"column":55}},"10":{"start":{"line":6,"column":0},"end":{"line":6,"column":9}},"11":{"start":{"line":6,"column":9},"end":{"line":6,"column":58}}},"fnMap":{"0":{"name":"(anonymous_0)","decl":{"start":{"line":1,"column":9},"end":{"line":1,"column":13}},"loc":{"start":{"line":1,"column":9},"end":{"line":1,"column":37}}},"1":{"name":"(anonymous_1)","decl":{"start":{"line":2,"column":9},"end":{"line":2,"column":12}},"loc":{"start":{"line":2,"column":9},"end":{"line":2,"column":34}}},"2":{"name":"(anonymous_2)","decl":{"start":{"line":3,"column":9},"end":{"line":3,"column":13}},"loc":{"start":{"line":3,"column":9},"end":{"line":3,"column":37}}},"3":{"name":"(anonymous_3)","decl":{"start":{"line":4,"column":9},"end":{"line":4,"column":15}},"loc":{"start":{"line":4,"column":9},"end":{"line":4,"column":43}}},"4":{"name":"(anonymous_4)","decl":{"start":{"line":5,"column":9},"end":{"line":5,"column":19}},"loc":{"start":{"line":5,"column":9},"end":{"line":5,"column":55}}},"5":{"name":"(anonymous_5)","decl":{"start":{"line":6,"column":9},"end":{"line":6,"column":20}},"loc":{"start":{"line":6,"column":9},"end":{"line":6,"column":58}}}},"branchMap":{},"s":{"0":0,"1":0,"2":0,"3":0,"4":0,"5":0,"6":0,"7":0,"8":0,"9":0,"10":0,"11":0},"f":{"0":0,"1":0,"2":0,"3":0,"4":0,"5":0},"b":{}}
,"C:\\pHero\\Hobby\\react-native-learning\\physio-care-backend\\src\\scripts\\seed-test-data.ts": {"path":"C:\\pHero\\Hobby\\react-native-learning\\physio-care-backend\\src\\scripts\\seed-test-data.ts","statementMap":{"0":{"start":{"line":6,"column":0},"end":{"line":6,"column":32}},"1":{"start":{"line":7,"column":0},"end":{"line":7,"column":28}},"2":{"start":{"line":9,"column":0},"end":{"line":9,"column":53}},"3":{"start":{"line":10,"column":0},"end":{"line":10,"column":47}},"4":{"start":{"line":12,"column":0},"end":{"line":12,"column":16}},"5":{"start":{"line":14,"column":17},"end":{"line":126,"column":1}},"6":{"start":{"line":15,"column":2},"end":{"line":125,"column":3}},"7":{"start":{"line":16,"column":4},"end":{"line":16,"column":28}},"8":{"start":{"line":17,"column":4},"end":{"line":17,"column":43}},"9":{"start":{"line":25,"column":20},"end":{"line":30,"column":6}},"10":{"start":{"line":32,"column":20},"end":{"line":37,"column":6}},"11":{"start":{"line":39,"column":20},"end":{"line":44,"column":6}},"12":{"start":{"line":46,"column":4},"end":{"line":50,"column":7}},"13":{"start":{"line":53,"column":24},"end":{"line":60,"column":6}},"14":{"start":{"line":62,"column":24},"end":{"line":69,"column":6}},"15":{"start":{"line":71,"column":24},"end":{"line":78,"column":6}},"16":{"start":{"line":80,"column":24},"end":{"line":87,"column":6}},"17":{"start":{"line":89,"column":4},"end":{"line":94,"column":7}},"18":{"start":{"line":96,"column":4},"end":{"line":96,"column":43}},"19":{"start":{"line":97,"column":4},"end":{"line":97,"column":39}},"20":{"start":{"line":98,"column":4},"end":{"line":98,"column":30}},"21":{"start":{"line":99,"column":4},"end":{"line":99,"column":60}},"22":{"start":{"line":100,"column":4},"end":{"line":100,"column":60}},"23":{"start":{"line":101,"column":4},"end":{"line":101,"column":60}},"24":{"start":{"line":102,"column":4},"end":{"line":102,"column":34}},"25":{"start":{"line":103,"column":4},"end":{"line":105,"column":6}},"26":{"start":{"line":106,"column":4},"end":{"line":108,"column":6}},"27":{"start":{"line":109,"column":4},"end":{"line":111,"column":6}},"28":{"start":{"line":112,"column":4},"end":{"line":114,"column":6}},"29":{"start":{"line":116,"column":4},"end":{"line":116,"column":55}},"30":{"start":{"line":117,"column":4},"end":{"line":117,"column":75}},"31":{"start":{"line":119,"column":4},"end":{"line":119,"column":38}},"32":{"start":{"line":120,"column":4},"end":{"line":120,"column":20}},"33":{"start":{"line":122,"column":4},"end":{"line":122,"column":50}},"34":{"start":{"line":123,"column":4},"end":{"line":123,"column":38}},"35":{"start":{"line":124,"column":4},"end":{"line":124,"column":20}},"36":{"start":{"line":128,"column":0},"end":{"line":128,"column":11}}},"fnMap":{"0":{"name":"(anonymous_1)","decl":{"start":{"line":14,"column":17},"end":{"line":14,"column":22}},"loc":{"start":{"line":14,"column":28},"end":{"line":126,"column":1}}}},"branchMap":{},"s":{"0":0,"1":0,"2":0,"3":0,"4":0,"5":0,"6":0,"7":0,"8":0,"9":0,"10":0,"11":0,"12":0,"13":0,"14":0,"15":0,"16":0,"17":0,"18":0,"19":0,"20":0,"21":0,"22":0,"23":0,"24":0,"25":0,"26":0,"27":0,"28":0,"29":0,"30":0,"31":0,"32":0,"33":0,"34":0,"35":0,"36":0},"f":{"0":0},"b":{}}
,"C:\\pHero\\Hobby\\react-native-learning\\physio-care-backend\\src\\services\\email.service.ts": {"path":"C:\\pHero\\Hobby\\react-native-learning\\physio-care-backend\\src\\services\\email.service.ts","statementMap":{"0":{"start":{"line":1,"column":0},"end":{"line":1,"column":36}},"1":{"start":{"line":2,"column":3},"end":{"line":2,"column":38}},"2":{"start":{"line":16,"column":27},"end":{"line":25,"column":9}},"3":{"start":{"line":27,"column":7},"end":{"line":27,"column":52}},"4":{"start":{"line":4,"column":3},"end":{"line":4,"column":16}},"5":{"start":{"line":5,"column":20},"end":{"line":13,"column":8}}},"fnMap":{"0":{"name":"(anonymous_1)","decl":{"start":{"line":15,"column":5},"end":{"line":15,"column":11}},"loc":{"start":{"line":15,"column":52},"end":{"line":28,"column":6}}}},"branchMap":{},"s":{"0":0,"1":0,"2":0,"3":0,"4":0,"5":0},"f":{"0":0},"b":{}}
,"C:\\pHero\\Hobby\\react-native-learning\\physio-care-backend\\src\\services\\otp.service.ts": {"path":"C:\\pHero\\Hobby\\react-native-learning\\physio-care-backend\\src\\services\\otp.service.ts","statementMap":{"0":{"start":{"line":1,"column":0},"end":{"line":1,"column":28}},"1":{"start":{"line":2,"column":3},"end":{"line":2,"column":35}},"2":{"start":{"line":3,"column":3},"end":{"line":3,"column":38}},"3":{"start":{"line":7,"column":7},"end":{"line":7,"column":58}},"4":{"start":{"line":11,"column":19},"end":{"line":11,"column":37}},"5":{"start":{"line":12,"column":25},"end":{"line":12,"column":35}},"6":{"start":{"line":13,"column":7},"end":{"line":13,"column":79}},"7":{"start":{"line":16,"column":7},"end":{"line":16,"column":77}},"8":{"start":{"line":18,"column":7},"end":{"line":24,"column":10}},"9":{"start":{"line":26,"column":7},"end":{"line":26,"column":18}},"10":{"start":{"line":30,"column":25},"end":{"line":34,"column":33}},"11":{"start":{"line":36,"column":7},"end":{"line":38,"column":8}},"12":{"start":{"line":37,"column":9},"end":{"line":37,"column":22}},"13":{"start":{"line":40,"column":7},"end":{"line":42,"column":8}},"14":{"start":{"line":41,"column":9},"end":{"line":41,"column":73}},"15":{"start":{"line":44,"column":7},"end":{"line":48,"column":8}},"16":{"start":{"line":45,"column":9},"end":{"line":45,"column":33}},"17":{"start":{"line":46,"column":9},"end":{"line":46,"column":32}},"18":{"start":{"line":47,"column":9},"end":{"line":47,"column":22}},"19":{"start":{"line":50,"column":7},"end":{"line":50,"column":33}},"20":{"start":{"line":51,"column":7},"end":{"line":51,"column":30}},"21":{"start":{"line":52,"column":7},"end":{"line":52,"column":19}},"22":{"start":{"line":5,"column":3},"end":{"line":5,"column":16}}},"fnMap":{"0":{"name":"(anonymous_1)","decl":{"start":{"line":6,"column":5},"end":{"line":6,"column":11}},"loc":{"start":{"line":6,"column":23},"end":{"line":8,"column":6}}},"1":{"name":"(anonymous_2)","decl":{"start":{"line":10,"column":5},"end":{"line":10,"column":11}},"loc":{"start":{"line":10,"column":42},"end":{"line":27,"column":6}}},"2":{"name":"(anonymous_3)","decl":{"start":{"line":29,"column":5},"end":{"line":29,"column":11}},"loc":{"start":{"line":29,"column":55},"end":{"line":53,"column":6}}}},"branchMap":{"0":{"loc":{"start":{"line":36,"column":7},"end":{"line":38,"column":8}},"type":"if","locations":[{"start":{"line":36,"column":7},"end":{"line":38,"column":8}},{"start":{},"end":{}}]},"1":{"loc":{"start":{"line":40,"column":7},"end":{"line":42,"column":8}},"type":"if","locations":[{"start":{"line":40,"column":7},"end":{"line":42,"column":8}},{"start":{},"end":{}}]},"2":{"loc":{"start":{"line":44,"column":7},"end":{"line":48,"column":8}},"type":"if","locations":[{"start":{"line":44,"column":7},"end":{"line":48,"column":8}},{"start":{},"end":{}}]}},"s":{"0":0,"1":0,"2":0,"3":0,"4":0,"5":0,"6":0,"7":0,"8":0,"9":0,"10":0,"11":0,"12":0,"13":0,"14":0,"15":0,"16":0,"17":0,"18":0,"19":0,"20":0,"21":0,"22":0},"f":{"0":0,"1":0,"2":0},"b":{"0":[0,0],"1":[0,0],"2":[0,0]}}
,"C:\\pHero\\Hobby\\react-native-learning\\physio-care-backend\\src\\utils\\errors.ts": {"path":"C:\\pHero\\Hobby\\react-native-learning\\physio-care-backend\\src\\utils\\errors.ts","statementMap":{"0":{"start":{"line":1,"column":0},"end":{"line":1,"column":39}},"1":{"start":{"line":2,"column":0},"end":{"line":2,"column":31}},"2":{"start":{"line":10,"column":4},"end":{"line":10,"column":19}},"3":{"start":{"line":6,"column":11},"end":{"line":6,"column":26}},"4":{"start":{"line":7,"column":11},"end":{"line":7,"column":23}},"5":{"start":{"line":8,"column":11},"end":{"line":8,"column":32}},"6":{"start":{"line":4,"column":0},"end":{"line":4,"column":13}},"7":{"start":{"line":14,"column":30},"end":{"line":21,"column":1}},"8":{"start":{"line":15,"column":19},"end":{"line":16,"column":null}},"9":{"start":{"line":16,"column":13},"end":{"line":16,"column":52}},"10":{"start":{"line":18,"column":2},"end":{"line":20,"column":5}},"11":{"start":{"line":14,"column":13},"end":{"line":14,"column":30}},"12":{"start":{"line":23,"column":27},"end":{"line":42,"column":1}},"13":{"start":{"line":24,"column":2},"end":{"line":26,"column":3}},"14":{"start":{"line":25,"column":4},"end":{"line":25,"column":33}},"15":{"start":{"line":28,"column":2},"end":{"line":32,"column":3}},"16":{"start":{"line":29,"column":4},"end":{"line":31,"column":7}},"17":{"start":{"line":34,"column":2},"end":{"line":36,"column":3}},"18":{"start":{"line":35,"column":4},"end":{"line":35,"column":17}},"19":{"start":{"line":38,"column":2},"end":{"line":38,"column":44}},"20":{"start":{"line":39,"column":2},"end":{"line":41,"column":5}},"21":{"start":{"line":23,"column":13},"end":{"line":23,"column":27}}},"fnMap":{"0":{"name":"(anonymous_0)","decl":{"start":{"line":5,"column":2},"end":{"line":5,"column":null}},"loc":{"start":{"line":8,"column":35},"end":{"line":11,"column":3}}},"1":{"name":"(anonymous_1)","decl":{"start":{"line":14,"column":30},"end":{"line":14,"column":31}},"loc":{"start":{"line":14,"column":64},"end":{"line":21,"column":1}}},"2":{"name":"(anonymous_2)","decl":{"start":{"line":16,"column":4},"end":{"line":16,"column":5}},"loc":{"start":{"line":16,"column":13},"end":{"line":16,"column":52}}},"3":{"name":"(anonymous_3)","decl":{"start":{"line":23,"column":27},"end":{"line":23,"column":28}},"loc":{"start":{"line":23,"column":60},"end":{"line":42,"column":1}}}},"branchMap":{"0":{"loc":{"start":{"line":8,"column":11},"end":{"line":8,"column":35}},"type":"default-arg","locations":[{"start":{"line":8,"column":32},"end":{"line":8,"column":35}}]},"1":{"loc":{"start":{"line":24,"column":2},"end":{"line":26,"column":3}},"type":"if","locations":[{"start":{"line":24,"column":2},"end":{"line":26,"column":3}},{"start":{},"end":{}}]},"2":{"loc":{"start":{"line":28,"column":2},"end":{"line":32,"column":3}},"type":"if","locations":[{"start":{"line":28,"column":2},"end":{"line":32,"column":3}},{"start":{},"end":{}}]},"3":{"loc":{"start":{"line":34,"column":2},"end":{"line":36,"column":3}},"type":"if","locations":[{"start":{"line":34,"column":2},"end":{"line":36,"column":3}},{"start":{},"end":{}}]}},"s":{"0":0,"1":0,"2":0,"3":0,"4":0,"5":0,"6":0,"7":0,"8":0,"9":0,"10":0,"11":0,"12":0,"13":0,"14":0,"15":0,"16":0,"17":0,"18":0,"19":0,"20":0,"21":0},"f":{"0":0,"1":0,"2":0,"3":0},"b":{"0":[0],"1":[0,0],"2":[0,0],"3":[0,0]}}
,"C:\\pHero\\Hobby\\react-native-learning\\physio-care-backend\\src\\utils\\jwt.ts": {"path":"C:\\pHero\\Hobby\\react-native-learning\\physio-care-backend\\src\\utils\\jwt.ts","statementMap":{"0":{"start":{"line":1,"column":0},"end":{"line":1,"column":31}},"1":{"start":{"line":3,"column":0},"end":{"line":3,"column":35}},"2":{"start":{"line":10,"column":29},"end":{"line":14,"column":1}},"3":{"start":{"line":11,"column":2},"end":{"line":13,"column":5}},"4":{"start":{"line":10,"column":13},"end":{"line":10,"column":29}},"5":{"start":{"line":16,"column":27},"end":{"line":22,"column":1}},"6":{"start":{"line":17,"column":2},"end":{"line":21,"column":3}},"7":{"start":{"line":18,"column":4},"end":{"line":18,"column":62}},"8":{"start":{"line":20,"column":4},"end":{"line":20,"column":48}},"9":{"start":{"line":16,"column":13},"end":{"line":16,"column":27}}},"fnMap":{"0":{"name":"(anonymous_1)","decl":{"start":{"line":10,"column":29},"end":{"line":10,"column":30}},"loc":{"start":{"line":10,"column":61},"end":{"line":14,"column":1}}},"1":{"name":"(anonymous_2)","decl":{"start":{"line":16,"column":27},"end":{"line":16,"column":28}},"loc":{"start":{"line":16,"column":57},"end":{"line":22,"column":1}}}},"branchMap":{},"s":{"0":1,"1":1,"2":1,"3":8,"4":1,"5":1,"6":7,"7":7,"8":3,"9":1},"f":{"0":8,"1":7},"b":{}}
,"C:\\pHero\\Hobby\\react-native-learning\\physio-care-backend\\src\\validators\\appointment.validator.ts": {"path":"C:\\pHero\\Hobby\\react-native-learning\\physio-care-backend\\src\\validators\\appointment.validator.ts","statementMap":{"0":{"start":{"line":1,"column":0},"end":{"line":1,"column":24}},"1":{"start":{"line":3,"column":13},"end":{"line":12,"column":3}},"2":{"start":{"line":14,"column":13},"end":{"line":20,"column":3}}},"fnMap":{},"branchMap":{},"s":{"0":0,"1":0,"2":0},"f":{},"b":{}}
,"C:\\pHero\\Hobby\\react-native-learning\\physio-care-backend\\src\\validators\\goal.validator.ts": {"path":"C:\\pHero\\Hobby\\react-native-learning\\physio-care-backend\\src\\validators\\goal.validator.ts","statementMap":{"0":{"start":{"line":1,"column":0},"end":{"line":1,"column":24}},"1":{"start":{"line":3,"column":13},"end":{"line":13,"column":3}},"2":{"start":{"line":15,"column":13},"end":{"line":22,"column":3}}},"fnMap":{},"branchMap":{},"s":{"0":0,"1":0,"2":0},"f":{},"b":{}}
,"C:\\pHero\\Hobby\\react-native-learning\\physio-care-backend\\src\\validators\\user.validator.ts": {"path":"C:\\pHero\\Hobby\\react-native-learning\\physio-care-backend\\src\\validators\\user.validator.ts","statementMap":{"0":{"start":{"line":1,"column":0},"end":{"line":1,"column":24}},"1":{"start":{"line":3,"column":21},"end":{"line":5,"column":74}},"2":{"start":{"line":7,"column":13},"end":{"line":13,"column":3}},"3":{"start":{"line":15,"column":13},"end":{"line":35,"column":3}},"4":{"start":{"line":37,"column":13},"end":{"line":40,"column":3}},"5":{"start":{"line":42,"column":13},"end":{"line":44,"column":3}}},"fnMap":{},"branchMap":{},"s":{"0":0,"1":0,"2":0,"3":0,"4":0,"5":0},"f":{},"b":{}}
}
